\BOOKMARK [1][-]{section.1}{\376\377\000G\000i\036\333\000i\000\040\000T\000h\000i\036\307\000u}{}% 1
\BOOKMARK [2][-]{subsection.1.1}{\376\377\000B\036\321\000i\000\040\000c\036\243\000n\000h\000\040\000n\000g\000h\000i\000\352\000n\000\040\000c\036\351\000u}{section.1}% 2
\BOOKMARK [2][-]{subsection.1.2}{\376\377\000M\036\345\000c\000\040\000t\000i\000\352\000u}{section.1}% 3
\BOOKMARK [2][-]{subsection.1.3}{\376\377\000D\000a\000n\000h\000\040\000s\000\341\000c\000h\000\040\0002\0005\000\040\000m\000\364\000\040\000h\000\354\000n\000h\000\040\001\021\001\260\036\343\000c\000\040\001\021\000\341\000n\000h\000\040\000g\000i\000\341}{section.1}% 4
\BOOKMARK [1][-]{section.2}{\376\377\000C\001\241\000\040\000S\036\337\000\040\000L\000\375\000\040\000T\000h\000u\000y\036\277\000t\000\040\000C\000\341\000c\000\040\000N\000h\000\363\000m\000\040\000K\000i\036\277\000n\000\040\000T\000r\000\372\000c}{}% 5
\BOOKMARK [2][-]{subsection.2.1}{\376\377\000N\000h\000\363\000m\000\040\000D\000i\000f\000f\000u\000s\000i\000o\000n\000-\000b\000a\000s\000e\000d\000\040\000F\000u\000s\000i\000o\000n\000\040\000\050\000M\000\364\000\040\000h\000\354\000n\000h\000\040\000K\000h\000u\036\277\000c\000h\000\040\000t\000\341\000n\000\051}{section.2}% 6
\BOOKMARK [2][-]{subsection.2.2}{\376\377\000N\000h\000\363\000m\000\040\000T\000r\000a\000n\000s\000f\000o\000r\000m\000e\000r\000\040\000\046\000\040\000A\000t\000t\000e\000n\000t\000i\000o\000n\000-\000b\000a\000s\000e\000d\000\040\000F\000u\000s\000i\000o\000n}{section.2}% 7
\BOOKMARK [2][-]{subsection.2.3}{\376\377\000N\000h\000\363\000m\000\040\000S\000t\000a\000t\000e\000\040\000S\000p\000a\000c\000e\000\040\000M\000o\000d\000e\000l\000s\000\040\000\050\000M\000a\000m\000b\000a\000-\000b\000a\000s\000e\000d\000\040\000F\000u\000s\000i\000o\000n\000\051}{section.2}% 8
\BOOKMARK [2][-]{subsection.2.4}{\376\377\000N\000h\000\363\000m\000\040\000A\000E\000\040\000/\000\040\000I\000N\000N\000\040\000\050\000A\000u\000t\000o\000e\000n\000c\000o\000d\000e\000r\000\040\000\046\000\040\000I\000n\000v\000e\000r\000t\000i\000b\000l\000e\000\040\000N\000e\000u\000r\000a\000l\000\040\000N\000e\000t\000w\000o\000r\000k\000s\000\051}{section.2}% 9
\BOOKMARK [2][-]{subsection.2.5}{\376\377\000N\000h\000\363\000m\000\040\000C\000N\000N\000-\000b\000a\000s\000e\000d\000\040\000\046\000\040\000H\000y\000b\000r\000i\000d\000\040\000A\000r\000c\000h\000i\000t\000e\000c\000t\000u\000r\000e\000s}{section.2}% 10
\BOOKMARK [1][-]{section.3}{\376\377\000P\000h\001\260\001\241\000n\000g\000\040\000P\000h\000\341\000p\000\040\001\020\000\341\000n\000h\000\040\000G\000i\000\341}{}% 11
\BOOKMARK [2][-]{subsection.3.1}{\376\377\000B\036\331\000\040\000d\036\357\000\040\000l\000i\036\307\000u}{section.3}% 12
\BOOKMARK [2][-]{subsection.3.2}{\376\377\000B\036\331\000\040\000c\000h\036\311\000\040\000s\036\321\000\040\001\021\000\341\000n\000h\000\040\000g\000i\000\341\000\040\000\050\0002\0005\000\040\000M\000e\000t\000r\000i\000c\000s\000\051}{section.3}% 13
\BOOKMARK [1][-]{section.4}{\376\377\000K\036\277\000t\000\040\000Q\000u\036\243\000\040\001\020\000\341\000n\000h\000\040\000G\000i\000\341\000\040\000T\036\325\000n\000g\000\040\000H\036\343\000p\000\040\000\050\000T\000r\000u\000n\000g\000\040\000B\000\354\000n\000h\000\040\000T\036\245\000t\000\040\000C\036\243\000\040\000M\000o\000d\000a\000l\000i\000t\000y\000\051}{}% 14
\BOOKMARK [2][-]{subsection.4.1}{\376\377\000B\036\243\000n\000g\000\040\000t\036\325\000n\000g\000\040\000h\036\343\000p\000\040\040\023\000\040\000N\000h\000\363\000m\000\040\000c\000h\036\311\000\040\000s\036\321\000\040\000T\000h\036\321\000n\000g\000\040\000K\000\352\000\040\000\046\000\040\000C\036\245\000u\000\040\000T\000r\000\372\000c}{section.4}% 15
\BOOKMARK [2][-]{subsection.4.2}{\376\377\000B\036\243\000n\000g\000\040\000t\036\325\000n\000g\000\040\000h\036\343\000p\000\040\040\023\000\040\000N\000h\000\363\000m\000\040\000c\000h\036\311\000\040\000s\036\321\000\040\000C\000h\036\245\000t\000\040\000L\001\260\036\343\000n\000g\000\040\000N\000\342\000n\000g\000\040\000C\000a\000o\000\040\000\050\000Q\000-\000m\000e\000t\000r\000i\000c\000s\000\051}{section.4}% 16
\BOOKMARK [1][-]{section.5}{\376\377\000P\000h\000\342\000n\000\040\000T\000\355\000c\000h\000\040\000C\000h\000i\000\040\000T\000i\036\277\000t\000\040\000T\000h\000e\000o\000\040\000T\036\353\000n\000g\000\040\000M\000o\000d\000a\000l\000i\000t\000y}{}% 17
\BOOKMARK [2][-]{subsection.5.1}{\376\377\000K\036\277\000t\000\040\000q\000u\036\243\000\040\000t\000r\000\352\000n\000\040\000m\000o\000d\000a\000l\000i\000t\000y\000\040\000M\000R\000I\040\023\000P\000E\000T}{section.5}% 18
\BOOKMARK [2][-]{subsection.5.2}{\376\377\000K\036\277\000t\000\040\000q\000u\036\243\000\040\000t\000r\000\352\000n\000\040\000m\000o\000d\000a\000l\000i\000t\000y\000\040\000M\000R\000I\040\023\000S\000P\000E\000C\000T}{section.5}% 19
\BOOKMARK [2][-]{subsection.5.3}{\376\377\000K\036\277\000t\000\040\000q\000u\036\243\000\040\000t\000r\000\352\000n\000\040\000m\000o\000d\000a\000l\000i\000t\000y\000\040\000M\000R\000I\040\023\000C\000T}{section.5}% 20
\BOOKMARK [1][-]{section.6}{\376\377\000B\036\243\000n\000g\000\040\000X\036\277\000p\000\040\000H\036\241\000n\000g\000\040\000T\036\325\000n\000g\000\040\000T\000h\036\303}{}% 21
\BOOKMARK [2][-]{subsection.6.1}{\376\377\000X\036\277\000p\000\040\000h\036\241\000n\000g\000\040\000t\000h\000e\000o\000\040\000n\000h\000\363\000m\000\040\000c\000h\036\311\000\040\000s\036\321}{section.6}% 22
\BOOKMARK [2][-]{subsection.6.2}{\376\377\000P\000h\000\342\000n\000\040\000t\000\355\000c\000h\000\040\000m\000\364\000\040\000h\000\354\000n\000h\000\040\000d\036\253\000n\000\040\001\021\036\247\000u}{section.6}% 23
\BOOKMARK [1][-]{section.7}{\376\377\000P\000h\000\342\000n\000\040\000T\000\355\000c\000h\000\040\000H\000i\036\307\000u\000\040\000N\001\003\000n\000g\000\040\000T\000h\000e\000o\000\040\000N\000h\000\363\000m\000\040\000K\000i\036\277\000n\000\040\000T\000r\000\372\000c}{}% 24
\BOOKMARK [2][-]{subsection.7.1}{\376\377\000T\036\325\000n\000g\000\040\000q\000u\000a\000n\000\040\000s\000o\000\040\000s\000\341\000n\000h\000\040\000n\000h\000\363\000m}{section.7}% 25
\BOOKMARK [2][-]{subsection.7.2}{\376\377\000P\000h\000\342\000n\000\040\000t\000\355\000c\000h\000\040\000c\000h\000i\000\040\000t\000i\036\277\000t\000\040\000t\000h\000e\000o\000\040\000n\000h\000\363\000m}{section.7}% 26
\BOOKMARK [3][-]{subsubsection.7.2.1}{\376\377\000N\000h\000\363\000m\000\040\000D\000i\000f\000f\000u\000s\000i\000o\000n\000\040\000\050\000D\000M\000-\000F\000N\000e\000t\000,\000\040\000D\000D\000F\000M\000/\000C\000D\000D\000F\000u\000s\000e\000,\000\040\000V\000D\000M\000U\000F\000u\000s\000i\000o\000n\000\051}{subsection.7.2}% 27
\BOOKMARK [3][-]{subsubsection.7.2.2}{\376\377\000N\000h\000\363\000m\000\040\000T\000r\000a\000n\000s\000f\000o\000r\000m\000e\000r\000\040\000\050\000C\000D\000D\000F\000u\000s\000e\000,\000\040\000I\000T\000F\000u\000s\000e\000,\000\040\000P\000S\000F\000u\000s\000i\000o\000n\000\051}{subsection.7.2}% 28
\BOOKMARK [3][-]{subsubsection.7.2.3}{\376\377\000N\000h\000\363\000m\000\040\000A\000E\000\040\000/\000\040\000I\000N\000N\000\040\000\050\000M\000L\000F\000u\000s\000e\000,\000\040\000M\000M\000A\000E\000,\000\040\000M\000M\000I\000F\000-\000I\000N\000e\000t\000,\000\040\000N\000e\000s\000t\000F\000u\000s\000e\000\051}{subsection.7.2}% 29
\BOOKMARK [3][-]{subsubsection.7.2.4}{\376\377\000N\000h\000\363\000m\000\040\000C\000N\000N\000\040\000/\000\040\000H\000y\000b\000r\000i\000d\000\040\000\050\0001\0005\000\040\000m\000\364\000\040\000h\000\354\000n\000h\000\051}{subsection.7.2}% 30
\BOOKMARK [3][-]{subsubsection.7.2.5}{\376\377\000N\000h\000\363\000m\000\040\000M\000a\000m\000b\000a\000\040\000/\000\040\000S\000S\000M\000\040\000\050\000M\000F\000S\000-\000F\000u\000s\000i\000o\000n\000,\000\040\000S\000F\000M\000F\000u\000s\000i\000o\000n\000\051}{subsection.7.2}% 31
\BOOKMARK [1][-]{section.8}{\376\377\000P\000h\000\342\000n\000\040\000T\000\355\000c\000h\000\040\000C\000h\000i\000\040\000T\000i\036\277\000t\000\040\000C\000\341\000c\000\040\000C\000h\036\311\000\040\000S\036\321\000\040\000Q\000u\000a\000n\000\040\000T\000r\036\315\000n\000g}{}% 32
\BOOKMARK [2][-]{subsection.8.1}{\376\377\000E\000n\000t\000r\000o\000p\000y\000\040\000\050\000E\000N\000\051\000\040\040\023\000\040\000L\001\260\036\343\000n\000g\000\040\000t\000h\000\364\000n\000g\000\040\000t\000i\000n}{section.8}% 33
\BOOKMARK [2][-]{subsection.8.2}{\376\377\000S\000S\000I\000M\000\040\040\023\000\040\000T\001\260\001\241\000n\000g\000\040\001\021\036\323\000n\000g\000\040\000c\036\245\000u\000\040\000t\000r\000\372\000c}{section.8}% 34
\BOOKMARK [2][-]{subsection.8.3}{\376\377\000N\000o\000i\000s\000e\000\040\000A\000d\000d\000e\000d\000\040\000b\000y\000\040\000F\000u\000s\000i\000o\000n\000\040\000\050\000N\000A\000B\000F\000\051}{section.8}% 35
\BOOKMARK [1][-]{section.9}{\376\377\000T\000h\036\243\000o\000\040\000L\000u\036\255\000n}{}% 36
\BOOKMARK [2][-]{subsection.9.1}{\376\377\000N\000h\036\357\000n\000g\000\040\000p\000h\000\341\000t\000\040\000h\000i\036\307\000n\000\040\000c\000h\000\355\000n\000h}{section.9}% 37
\BOOKMARK [2][-]{subsection.9.2}{\376\377\000H\036\241\000n\000\040\000c\000h\036\277\000\040\000c\036\347\000a\000\040\000n\000g\000h\000i\000\352\000n\000\040\000c\036\351\000u}{section.9}% 38
\BOOKMARK [2][-]{subsection.9.3}{\376\377\000K\000h\000u\000y\036\277\000n\000\040\000n\000g\000h\036\313}{section.9}% 39
\BOOKMARK [1][-]{section.10}{\376\377\000K\036\277\000t\000\040\000L\000u\036\255\000n}{}% 40
\BOOKMARK [1][-]{appendix.A}{\376\377\000P\000h\036\345\000\040\000L\036\345\000c\000:\000\040\000C\000\364\000n\000g\000\040\000T\000h\036\351\000c\000\040\000C\000\341\000c\000\040\000C\000h\036\311\000\040\000S\036\321\000\040\001\020\000\341\000n\000h\000\040\000G\000i\000\341}{}% 41
\BOOKMARK [2][-]{subsection.A.1}{\376\377\000E\000n\000t\000r\000o\000p\000y\000\040\000\050\000E\000N\000\051}{appendix.A}% 42
\BOOKMARK [2][-]{subsection.A.2}{\376\377\000M\000u\000t\000u\000a\000l\000\040\000I\000n\000f\000o\000r\000m\000a\000t\000i\000o\000n\000\040\000\050\000M\000I\000\051}{appendix.A}% 43
\BOOKMARK [2][-]{subsection.A.3}{\376\377\000S\000S\000I\000M}{appendix.A}% 44
\BOOKMARK [2][-]{subsection.A.4}{\376\377\000P\000S\000N\000R}{appendix.A}% 45
\BOOKMARK [2][-]{subsection.A.5}{\376\377\000A\000v\000e\000r\000a\000g\000e\000\040\000G\000r\000a\000d\000i\000e\000n\000t\000\040\000\050\000A\000G\000\051}{appendix.A}% 46
\BOOKMARK [2][-]{subsection.A.6}{\376\377\000S\000p\000a\000t\000i\000a\000l\000\040\000F\000r\000e\000q\000u\000e\000n\000c\000y\000\040\000\050\000S\000F\000\051}{appendix.A}% 47
\BOOKMARK [2][-]{subsection.A.7}{\376\377\000Q\000A\000B\000/\000F\000\040\040\023\000\040\000G\000r\000a\000d\000i\000e\000n\000t\000-\000b\000a\000s\000e\000d\000\040\000Q\000u\000a\000l\000i\000t\000y\000\040\000\050\000P\000e\000t\000r\000o\000v\000i\000c\000\051}{appendix.A}% 48
\BOOKMARK [2][-]{subsection.A.8}{\376\377\000C\000r\000o\000s\000s\000\040\000E\000n\000t\000r\000o\000p\000y\000\040\000\050\000C\000E\000\051}{appendix.A}% 49
\BOOKMARK [2][-]{subsection.A.9}{\376\377\000T\000s\000a\000l\000l\000i\000s\000\040\000E\000n\000t\000r\000o\000p\000y\000\040\000\050\000Q\000T\000E\000\051}{appendix.A}% 50
